INFO 1/21/2022, 9:54:48 PM  launch with argv [/usr/share/typora/Typora]
INFO 1/21/2022, 9:54:48 PM  launchFromDiffVersion, pre version is undefined
INFO 1/21/2022, 9:54:48 PM  start LM in devVersion=false
INFO 1/21/2022, 9:54:48 PM  [Raven] instanceKey = cddf3eff-e085-49e9-9661-8c6dc84f0330
INFO 1/21/2022, 9:54:48 PM  [watchLicense]
INFO 1/21/2022, 9:54:48 PM  [License] firstValidateLicense
INFO 1/21/2022, 9:54:48 PM  ls put SLicense
INFO 1/21/2022, 9:54:48 PM  [validateTrail] Read from incorrupted InstallDate
INFO 1/21/2022, 9:54:48 PM  writeInstallDate fromBTime=true
INFO 1/21/2022, 9:54:48 PM  overwriteThemeFolder
INFO 1/21/2022, 9:54:48 PM  ------------------start------------------
INFO 1/21/2022, 9:54:48 PM  typora version: 1.0.4
INFO 1/21/2022, 9:54:49 PM  [Raven] userId = 796e38bb-1d0b-4800-8966-3f74bbe6c1c1
INFO 1/21/2022, 9:54:49 PM  ls put IDate
INFO 1/21/2022, 9:54:49 PM  [validateTrail] installDate is 1/21/2022, trail remains: 15 days
INFO 1/21/2022, 9:54:49 PM  [watchLicense] hasLicense: false
INFO 1/21/2022, 9:54:49 PM  [focus] 1
INFO 1/21/2022, 9:54:49 PM  synced recovery
INFO 1/21/2022, 9:54:50 PM  handle document.loadInitData
INFO 1/21/2022, 9:54:50 PM  [RenderProcess 1][Log] getContent
INFO 1/21/2022, 9:54:50 PM  synced recovery
INFO 1/21/2022, 9:54:51 PM  [RenderProcess 1][Log] onBecomeActive
INFO 1/21/2022, 9:54:51 PM  [RenderProcess 1][Log] File.activeWindow = true
INFO 1/21/2022, 9:54:53 PM  [blur] 1
INFO 1/21/2022, 9:54:53 PM  [win] blur
INFO 1/21/2022, 9:54:53 PM  [focus] 1
INFO 1/21/2022, 9:54:55 PM  [blur] 1
INFO 1/21/2022, 9:54:55 PM  [win] blur
INFO 1/21/2022, 9:54:58 PM  [focus] 1
INFO 1/21/2022, 9:54:58 PM  [blur] 1
INFO 1/21/2022, 9:54:58 PM  [win] blur
INFO 1/21/2022, 9:54:58 PM  [focus] 1
INFO 1/21/2022, 9:55:00 PM  synced recovery
INFO 1/21/2022, 9:55:03 PM  synced recovery
INFO 1/21/2022, 9:55:06 PM  synced recovery
INFO 1/21/2022, 9:55:07 PM  synced recovery
INFO 1/21/2022, 9:55:07 PM  synced recovery
INFO 1/21/2022, 9:55:08 PM  synced recovery
INFO 1/21/2022, 9:55:09 PM  synced recovery
INFO 1/21/2022, 9:55:09 PM  synced recovery
INFO 1/21/2022, 9:55:10 PM  synced recovery
INFO 1/21/2022, 9:55:13 PM  synced recovery
INFO 1/21/2022, 9:55:16 PM  synced recovery
INFO 1/21/2022, 9:55:18 PM  synced recovery
INFO 1/21/2022, 9:55:19 PM  synced recovery
INFO 1/21/2022, 9:55:20 PM  synced recovery
INFO 1/21/2022, 9:55:20 PM  synced recovery
INFO 1/21/2022, 9:55:20 PM  synced recovery
INFO 1/21/2022, 9:55:22 PM  synced recovery
INFO 1/21/2022, 9:55:22 PM  synced recovery
INFO 1/21/2022, 9:55:22 PM  synced recovery
INFO 1/21/2022, 9:55:23 PM  synced recovery
INFO 1/21/2022, 9:55:24 PM  synced recovery
INFO 1/21/2022, 9:55:27 PM  synced recovery
INFO 1/21/2022, 9:55:27 PM  synced recovery
INFO 1/21/2022, 9:55:29 PM  synced recovery
INFO 1/21/2022, 9:55:29 PM  synced recovery
INFO 1/21/2022, 9:55:31 PM  synced recovery
INFO 1/21/2022, 9:55:32 PM  synced recovery
INFO 1/21/2022, 9:55:32 PM  synced recovery
INFO 1/21/2022, 9:55:33 PM  synced recovery
INFO 1/21/2022, 9:55:34 PM  synced recovery
INFO 1/21/2022, 9:55:34 PM  synced recovery
INFO 1/21/2022, 9:55:36 PM  synced recovery
INFO 1/21/2022, 9:55:36 PM  synced recovery
INFO 1/21/2022, 9:55:37 PM  synced recovery
INFO 1/21/2022, 9:55:38 PM  synced recovery
INFO 1/21/2022, 9:55:39 PM  synced recovery
INFO 1/21/2022, 9:55:39 PM  synced recovery
INFO 1/21/2022, 9:55:40 PM  synced recovery
INFO 1/21/2022, 9:55:43 PM  synced recovery
INFO 1/21/2022, 9:55:44 PM  synced recovery
INFO 1/21/2022, 9:55:47 PM  synced recovery
INFO 1/21/2022, 9:55:47 PM  synced recovery
INFO 1/21/2022, 9:55:48 PM  synced recovery
INFO 1/21/2022, 9:55:49 PM  synced recovery
INFO 1/21/2022, 9:55:51 PM  synced recovery
INFO 1/21/2022, 9:55:55 PM  synced recovery
INFO 1/21/2022, 9:55:56 PM  synced recovery
INFO 1/21/2022, 9:55:57 PM  synced recovery
INFO 1/21/2022, 9:55:58 PM  synced recovery
INFO 1/21/2022, 9:55:59 PM  synced recovery
INFO 1/21/2022, 9:56:02 PM  synced recovery
INFO 1/21/2022, 9:56:05 PM  synced recovery
INFO 1/21/2022, 9:56:08 PM  synced recovery
INFO 1/21/2022, 9:56:10 PM  synced recovery
INFO 1/21/2022, 9:56:13 PM  synced recovery
INFO 1/21/2022, 9:56:18 PM  synced recovery
INFO 1/21/2022, 9:56:19 PM  synced recovery
INFO 1/21/2022, 9:56:19 PM  synced recovery
INFO 1/21/2022, 9:56:25 PM  synced recovery
INFO 1/21/2022, 9:56:28 PM  synced recovery
INFO 1/21/2022, 9:56:31 PM  synced recovery
INFO 1/21/2022, 9:56:32 PM  synced recovery
INFO 1/21/2022, 9:56:35 PM  synced recovery
INFO 1/21/2022, 9:56:35 PM  synced recovery
INFO 1/21/2022, 9:56:35 PM  synced recovery
INFO 1/21/2022, 9:56:36 PM  synced recovery
INFO 1/21/2022, 9:56:36 PM  synced recovery
INFO 1/21/2022, 9:56:36 PM  synced recovery
INFO 1/21/2022, 9:56:38 PM  synced recovery
INFO 1/21/2022, 9:56:39 PM  synced recovery
INFO 1/21/2022, 9:56:40 PM  synced recovery
INFO 1/21/2022, 9:56:41 PM  synced recovery
INFO 1/21/2022, 9:56:45 PM  synced recovery
INFO 1/21/2022, 9:56:47 PM  synced recovery
INFO 1/21/2022, 9:56:52 PM  [blur] 1
INFO 1/21/2022, 9:56:52 PM  [win] blur
INFO 1/21/2022, 9:56:58 PM  [focus] 1
INFO 1/21/2022, 9:56:58 PM  addRecentDocument
INFO 1/21/2022, 9:56:58 PM  synced recovery
INFO 1/21/2022, 9:56:58 PM  [blur] 1
INFO 1/21/2022, 9:56:58 PM  [win] blur
INFO 1/21/2022, 9:56:58 PM  [focus] 1
INFO 1/21/2022, 9:56:59 PM  [blur] 1
INFO 1/21/2022, 9:56:59 PM  [win] blur
INFO 1/21/2022, 9:57:01 PM  [focus] 1
INFO 1/21/2022, 9:57:06 PM  [blur] 1
INFO 1/21/2022, 9:57:06 PM  [win] blur
INFO 1/21/2022, 9:57:06 PM  [focus] 1
INFO 1/21/2022, 9:57:31 PM  window.File && (function(){document.body.classList.remove("show-footer"),document.body.classList.add("hide-footer")})();
INFO 1/21/2022, 9:58:11 PM  window.File && (function(){document.body.classList.add("show-footer"),document.body.classList.remove("hide-footer")})();
INFO 1/21/2022, 9:58:17 PM  window.File && (function(){document.body.classList.remove("show-footer"),document.body.classList.add("hide-footer")})();
INFO 1/21/2022, 9:58:22 PM  window.File && (function(){document.body.classList.add("show-footer"),document.body.classList.remove("hide-footer")})();
INFO 1/21/2022, 9:58:38 PM  [blur] 1
INFO 1/21/2022, 9:58:38 PM  [win] blur
INFO 1/21/2022, 9:58:38 PM  [focus] 1
INFO 1/21/2022, 9:58:41 PM  [blur] 1
INFO 1/21/2022, 9:58:41 PM  [win] blur
INFO 1/21/2022, 9:58:41 PM  [focus] 1
INFO 1/21/2022, 9:59:03 PM  [blur] 1
INFO 1/21/2022, 9:59:03 PM  [win] blur
INFO 1/21/2022, 9:59:04 PM  [focus] 1
INFO 1/21/2022, 9:59:05 PM  [blur] 1
INFO 1/21/2022, 9:59:05 PM  [win] blur
INFO 1/21/2022, 9:59:16 PM  [focus] 1
INFO 1/21/2022, 9:59:19 PM  synced recovery
INFO 1/21/2022, 9:59:19 PM  ----------------before-quit-----------------
INFO 1/21/2022, 9:59:19 PM  ------------------will-quit------------------
INFO 1/21/2022, 9:59:19 PM  -----------------quit------------------
INFO 1/21/2022, 9:59:19 PM  closeLogging
INFO 1/21/2022, 10:41:09 PM  launch with argv [/usr/share/typora/Typora]
INFO 1/21/2022, 10:41:09 PM  start LM in devVersion=false
INFO 1/21/2022, 10:41:09 PM  [Raven] instanceKey = d87dfae2-7dee-4fd1-9dca-a2841e655c61
INFO 1/21/2022, 10:41:09 PM  [watchLicense]
INFO 1/21/2022, 10:41:09 PM  [License] firstValidateLicense
INFO 1/21/2022, 10:41:09 PM  ls put SLicense
INFO 1/21/2022, 10:41:09 PM  [validateTrail] installDate is 1/21/2022, trail remains: 15 days
INFO 1/21/2022, 10:41:09 PM  [watchLicense] hasLicense: false
INFO 1/21/2022, 10:41:09 PM  ------------------start------------------
INFO 1/21/2022, 10:41:09 PM  typora version: 1.0.4
INFO 1/21/2022, 10:41:09 PM  [Raven] userId = 796e38bb-1d0b-4800-8966-3f74bbe6c1c1
INFO 1/21/2022, 10:41:09 PM  [focus] 1
INFO 1/21/2022, 10:41:09 PM  synced recovery
INFO 1/21/2022, 10:41:10 PM  handle document.loadInitData
INFO 1/21/2022, 10:41:10 PM  [RenderProcess 1][Log] getContent
INFO 1/21/2022, 10:41:10 PM  synced recovery
INFO 1/21/2022, 10:41:10 PM  [RenderProcess 1][Log] onBecomeActive
INFO 1/21/2022, 10:41:10 PM  [RenderProcess 1][Log] File.activeWindow = true
INFO 1/21/2022, 10:41:12 PM  synced recovery
INFO 1/21/2022, 10:41:12 PM  ----------------before-quit-----------------
INFO 1/21/2022, 10:41:12 PM  ------------------will-quit------------------
INFO 1/21/2022, 10:41:12 PM  -----------------quit------------------
INFO 1/21/2022, 10:41:12 PM  closeLogging
INFO 1/21/2022, 11:30:53 PM  launch with argv [/usr/share/typora/Typora, test.md]
INFO 1/21/2022, 11:30:53 PM  start LM in devVersion=false
INFO 1/21/2022, 11:30:53 PM  [Raven] instanceKey = 82be6351-03ea-4707-8342-fca865f4b0cd
INFO 1/21/2022, 11:30:53 PM  [watchLicense]
INFO 1/21/2022, 11:30:53 PM  [License] firstValidateLicense
INFO 1/21/2022, 11:30:53 PM  ls put SLicense
INFO 1/21/2022, 11:30:53 PM  [validateTrail] installDate is 1/21/2022, trail remains: 15 days
INFO 1/21/2022, 11:30:53 PM  [watchLicense] hasLicense: false
INFO 1/21/2022, 11:30:53 PM  ------------------start------------------
INFO 1/21/2022, 11:30:53 PM  typora version: 1.0.4
INFO 1/21/2022, 11:30:53 PM  addRecentDocument
INFO 1/21/2022, 11:30:53 PM  [Raven] userId = 796e38bb-1d0b-4800-8966-3f74bbe6c1c1
INFO 1/21/2022, 11:30:53 PM  [focus] 1
INFO 1/21/2022, 11:30:53 PM  synced recovery
INFO 1/21/2022, 11:30:54 PM  handle document.loadInitData
INFO 1/21/2022, 11:30:54 PM  [RenderProcess 1][Log] getContent
INFO 1/21/2022, 11:30:54 PM  synced recovery
INFO 1/21/2022, 11:30:54 PM  [RenderProcess 1][Log] onBecomeActive
INFO 1/21/2022, 11:30:54 PM  [RenderProcess 1][Log] File.activeWindow = true
INFO 1/21/2022, 11:31:59 PM  got argv [/usr/bin/typora, /home/ackbar/test.md] from secondary instance
INFO 1/21/2022, 11:31:59 PM  secondary instance would exit
INFO 1/21/2022, 11:32:05 PM  synced recovery
INFO 1/21/2022, 11:32:05 PM  ----------------before-quit-----------------
INFO 1/21/2022, 11:32:05 PM  ------------------will-quit------------------
INFO 1/21/2022, 11:32:05 PM  -----------------quit------------------
INFO 1/21/2022, 11:32:05 PM  closeLogging
INFO 1/21/2022, 11:32:10 PM  launch with argv [/usr/share/typora/Typora, /home/ackbar/test.md]
INFO 1/21/2022, 11:32:10 PM  start LM in devVersion=false
INFO 1/21/2022, 11:32:10 PM  [Raven] instanceKey = fbdc87aa-c02a-425a-8645-0144f6c74768
INFO 1/21/2022, 11:32:10 PM  [watchLicense]
INFO 1/21/2022, 11:32:10 PM  [License] firstValidateLicense
INFO 1/21/2022, 11:32:10 PM  ls put SLicense
INFO 1/21/2022, 11:32:10 PM  [validateTrail] installDate is 1/21/2022, trail remains: 15 days
INFO 1/21/2022, 11:32:10 PM  [watchLicense] hasLicense: false
INFO 1/21/2022, 11:32:10 PM  ------------------start------------------
INFO 1/21/2022, 11:32:10 PM  typora version: 1.0.4
INFO 1/21/2022, 11:32:10 PM  addRecentDocument
INFO 1/21/2022, 11:32:10 PM  [Raven] userId = 796e38bb-1d0b-4800-8966-3f74bbe6c1c1
INFO 1/21/2022, 11:32:10 PM  [focus] 1
INFO 1/21/2022, 11:32:10 PM  synced recovery
INFO 1/21/2022, 11:32:10 PM  handle document.loadInitData
INFO 1/21/2022, 11:32:10 PM  [RenderProcess 1][Log] getContent
INFO 1/21/2022, 11:32:11 PM  synced recovery
INFO 1/21/2022, 11:32:11 PM  [RenderProcess 1][Log] onBecomeActive
INFO 1/21/2022, 11:32:11 PM  [RenderProcess 1][Log] File.activeWindow = true
INFO 1/21/2022, 11:32:14 PM  synced recovery
INFO 1/21/2022, 11:32:14 PM  ----------------before-quit-----------------
INFO 1/21/2022, 11:32:14 PM  ------------------will-quit------------------
INFO 1/21/2022, 11:32:14 PM  -----------------quit------------------
INFO 1/21/2022, 11:32:14 PM  closeLogging
INFO 1/22/2022, 2:43:41 PM  launch with argv [/usr/share/typora/Typora, Uni/ATDefs.md]
INFO 1/22/2022, 2:43:42 PM  start LM in devVersion=false
INFO 1/22/2022, 2:43:42 PM  [Raven] instanceKey = d269ceb1-6144-4c96-8a93-2252008455d2
INFO 1/22/2022, 2:43:42 PM  [watchLicense]
INFO 1/22/2022, 2:43:42 PM  [License] firstValidateLicense
INFO 1/22/2022, 2:43:42 PM  ls put SLicense
INFO 1/22/2022, 2:43:42 PM  [validateTrail] installDate is 1/21/2022, trail remains: 14 days
INFO 1/22/2022, 2:43:42 PM  [watchLicense] hasLicense: false
INFO 1/22/2022, 2:43:42 PM  ------------------start------------------
INFO 1/22/2022, 2:43:42 PM  typora version: 1.0.4
INFO 1/22/2022, 2:43:42 PM  addRecentDocument
INFO 1/22/2022, 2:43:42 PM  [Raven] userId = 796e38bb-1d0b-4800-8966-3f74bbe6c1c1
INFO 1/22/2022, 2:43:42 PM  [focus] 1
INFO 1/22/2022, 2:43:42 PM  synced recovery
INFO 1/22/2022, 2:43:43 PM  handle document.loadInitData
INFO 1/22/2022, 2:43:43 PM  [RenderProcess 1][Log] getContent
INFO 1/22/2022, 2:43:44 PM  synced recovery
INFO 1/22/2022, 2:43:44 PM  [RenderProcess 1][Log] onBecomeActive
INFO 1/22/2022, 2:43:44 PM  [RenderProcess 1][Log] File.activeWindow = true
INFO 1/22/2022, 2:43:46 PM  [blur] 1
INFO 1/22/2022, 2:43:46 PM  [win] blur
INFO 1/22/2022, 2:43:47 PM  [focus] 1
INFO 1/22/2022, 2:44:12 PM  [blur] 1
INFO 1/22/2022, 2:44:12 PM  [win] blur
INFO 1/22/2022, 2:44:12 PM  [focus] 1
INFO 1/22/2022, 2:44:17 PM  synced recovery
INFO 1/22/2022, 2:44:17 PM  ----------------before-quit-----------------
INFO 1/22/2022, 2:44:17 PM  ------------------will-quit------------------
INFO 1/22/2022, 2:44:17 PM  -----------------quit------------------
INFO 1/22/2022, 2:44:17 PM  closeLogging
INFO 1/22/2022, 10:50:22 PM  launch with argv [/usr/share/typora/Typora]
INFO 1/22/2022, 10:50:22 PM  start LM in devVersion=false
INFO 1/22/2022, 10:50:22 PM  [Raven] instanceKey = 6e6dbcbe-92e7-4d93-9c46-d71e9363540f
INFO 1/22/2022, 10:50:22 PM  [watchLicense]
INFO 1/22/2022, 10:50:22 PM  [License] firstValidateLicense
INFO 1/22/2022, 10:50:22 PM  ls put SLicense
INFO 1/22/2022, 10:50:22 PM  [validateTrail] installDate is 1/21/2022, trail remains: 14 days
INFO 1/22/2022, 10:50:22 PM  [watchLicense] hasLicense: false
INFO 1/22/2022, 10:50:22 PM  ------------------start------------------
INFO 1/22/2022, 10:50:22 PM  typora version: 1.0.4
INFO 1/22/2022, 10:50:23 PM  [Raven] userId = 796e38bb-1d0b-4800-8966-3f74bbe6c1c1
INFO 1/22/2022, 10:50:23 PM  [focus] 1
INFO 1/22/2022, 10:50:23 PM  synced recovery
INFO 1/22/2022, 10:50:23 PM  handle document.loadInitData
INFO 1/22/2022, 10:50:23 PM  [RenderProcess 1][Log] getContent
INFO 1/22/2022, 10:50:23 PM  synced recovery
INFO 1/22/2022, 10:50:24 PM  [RenderProcess 1][Log] onBecomeActive
INFO 1/22/2022, 10:50:24 PM  [RenderProcess 1][Log] File.activeWindow = true
INFO 1/22/2022, 10:50:41 PM  [blur] 1
INFO 1/22/2022, 10:50:41 PM  [win] blur
INFO 1/22/2022, 10:50:45 PM  [focus] 1
INFO 1/22/2022, 10:51:15 PM  [blur] 1
INFO 1/22/2022, 10:51:15 PM  [win] blur
INFO 1/22/2022, 10:53:29 PM  [focus] 1
INFO 1/22/2022, 10:53:33 PM  window.File && (function(){document.body.classList.remove("show-footer"),document.body.classList.add("hide-footer")})();
INFO 1/22/2022, 10:53:33 PM  window.File && (function(){document.body.classList.add("show-footer"),document.body.classList.remove("hide-footer")})();
INFO 1/22/2022, 10:53:38 PM  File.option.useCustomFontSize=true
INFO 1/22/2022, 10:53:38 PM  document.body.parentElement.style.fontSize = '14px'
INFO 1/22/2022, 10:53:40 PM  File.option.customFontSize=14
INFO 1/22/2022, 10:53:40 PM  document.body.parentElement.style.fontSize = '14px'
INFO 1/22/2022, 10:53:44 PM  File.option.customFontSize=14
INFO 1/22/2022, 10:53:44 PM  document.body.parentElement.style.fontSize = '14px'
INFO 1/22/2022, 10:53:45 PM  File.option.customFontSize=15
INFO 1/22/2022, 10:53:45 PM  document.body.parentElement.style.fontSize = '15px'
INFO 1/22/2022, 10:53:47 PM  File.option.customFontSize=15
INFO 1/22/2022, 10:53:47 PM  document.body.parentElement.style.fontSize = '15px'
INFO 1/22/2022, 10:54:01 PM  [blur] 1
INFO 1/22/2022, 10:54:01 PM  [win] blur
INFO 1/22/2022, 10:54:02 PM  [focus] 1
INFO 1/22/2022, 10:54:03 PM  [blur] 1
INFO 1/22/2022, 10:54:03 PM  [win] blur
INFO 1/22/2022, 10:54:03 PM  [focus] 1
INFO 1/22/2022, 10:54:04 PM  [blur] 1
INFO 1/22/2022, 10:54:04 PM  [win] blur
INFO 1/22/2022, 10:54:05 PM  [focus] 1
INFO 1/22/2022, 10:54:06 PM  [blur] 1
INFO 1/22/2022, 10:54:06 PM  [win] blur
INFO 1/22/2022, 10:54:14 PM  [focus] 1
INFO 1/22/2022, 10:55:03 PM  [blur] 1
INFO 1/22/2022, 10:55:03 PM  [win] blur
INFO 1/22/2022, 10:55:03 PM  [focus] 1
INFO 1/22/2022, 10:55:03 PM  [blur] 1
INFO 1/22/2022, 10:55:03 PM  [win] blur
INFO 1/22/2022, 10:55:03 PM  [focus] 1
INFO 1/22/2022, 10:55:05 PM  synced recovery
INFO 1/22/2022, 10:55:05 PM  ----------------before-quit-----------------
INFO 1/22/2022, 10:55:05 PM  ------------------will-quit------------------
INFO 1/22/2022, 10:55:05 PM  -----------------quit------------------
INFO 1/22/2022, 10:55:05 PM  closeLogging
INFO 1/22/2022, 10:55:08 PM  launch with argv [/usr/share/typora/Typora]
INFO 1/22/2022, 10:55:09 PM  start LM in devVersion=false
INFO 1/22/2022, 10:55:09 PM  [Raven] instanceKey = 0a627a6a-a71b-476a-b028-5563a53f7934
INFO 1/22/2022, 10:55:09 PM  [watchLicense]
INFO 1/22/2022, 10:55:09 PM  [License] firstValidateLicense
INFO 1/22/2022, 10:55:09 PM  ls put SLicense
INFO 1/22/2022, 10:55:09 PM  [validateTrail] installDate is 1/21/2022, trail remains: 14 days
INFO 1/22/2022, 10:55:09 PM  [watchLicense] hasLicense: false
INFO 1/22/2022, 10:55:09 PM  ------------------start------------------
INFO 1/22/2022, 10:55:09 PM  typora version: 1.0.4
INFO 1/22/2022, 10:55:09 PM  [Raven] userId = 796e38bb-1d0b-4800-8966-3f74bbe6c1c1
INFO 1/22/2022, 10:55:09 PM  [focus] 1
INFO 1/22/2022, 10:55:09 PM  synced recovery
INFO 1/22/2022, 10:55:09 PM  handle document.loadInitData
INFO 1/22/2022, 10:55:09 PM  [RenderProcess 1][Log] getContent
INFO 1/22/2022, 10:55:09 PM  synced recovery
INFO 1/22/2022, 10:55:10 PM  [RenderProcess 1][Log] onBecomeActive
INFO 1/22/2022, 10:55:10 PM  [RenderProcess 1][Log] File.activeWindow = true
INFO 1/22/2022, 10:55:11 PM  synced recovery
INFO 1/22/2022, 10:55:13 PM  synced recovery
INFO 1/22/2022, 10:55:20 PM  synced recovery
INFO 1/22/2022, 10:55:20 PM  ----------------before-quit-----------------
INFO 1/22/2022, 10:55:20 PM  ------------------will-quit------------------
INFO 1/22/2022, 10:55:20 PM  -----------------quit------------------
INFO 1/22/2022, 10:55:20 PM  closeLogging
